============================= test session starts =============================
collecting ... collected 52 items

backend/tests/test_api.py::TestHealth::test_health_ok PASSED             [  1%]
backend/tests/test_api.py::TestHealth::test_api_index PASSED             [  3%]
backend/tests/test_api.py::TestPrediction::test_predict_positions PASSED [  5%]
backend/tests/test_api.py::TestPrediction::test_predict_missing_field PASSED [  7%]
backend/tests/test_api.py::TestPrediction::test_predict_out_of_range PASSED [  9%]
backend/tests/test_api.py::TestPrediction::test_gap_analysis PASSED      [ 11%]
backend/tests/test_api.py::TestPrediction::test_gap_analysis_missing_position PASSED [ 13%]
backend/tests/test_api.py::TestPrediction::test_full_analysis PASSED     [ 15%]
backend/tests/test_api.py::TestPrediction::test_full_analysis_saves_session PASSED [ 17%]
backend/tests/test_api.py::TestClustering::test_similar_players PASSED   [ 19%]
backend/tests/test_api.py::TestClustering::test_similar_players_custom_top_n PASSED [ 21%]
backend/tests/test_api.py::TestClustering::test_cluster_info PASSED      [ 23%]
backend/tests/test_api.py::TestTraining::test_training_plan PASSED       [ 25%]
backend/tests/test_api.py::TestTraining::test_training_plan_with_position PASSED [ 26%]
backend/tests/test_api.py::TestAnalytics::test_overview PASSED           [ 28%]
backend/tests/test_api.py::TestAnalytics::test_position_profiles PASSED  [ 30%]
backend/tests/test_api.py::TestEvaluation::test_all_models PASSED        [ 32%]
backend/tests/test_api.py::TestEvaluation::test_specific_model PASSED    [ 34%]
backend/tests/test_api.py::TestEvaluation::test_unknown_model PASSED     [ 36%]
backend/tests/test_api.py::TestEvaluation::test_confusion_matrix PASSED  [ 38%]
backend/tests/test_api.py::TestSessions::test_list_sessions_empty PASSED [ 40%]
backend/tests/test_api.py::TestSessions::test_get_nonexistent_session PASSED [ 42%]
backend/tests/test_api.py::TestSessions::test_session_lifecycle PASSED   [ 44%]
backend/tests/test_clustering.py::TestSimilarPlayers::test_returns_correct_count PASSED [ 46%]
backend/tests/test_clustering.py::TestSimilarPlayers::test_player_structure PASSED [ 48%]
backend/tests/test_clustering.py::TestSimilarPlayers::test_sorted_by_similarity PASSED [ 50%]
backend/tests/test_clustering.py::TestSimilarPlayers::test_similarity_range PASSED [ 51%]
backend/tests/test_clustering.py::TestSimilarPlayers::test_attributes_present PASSED [ 53%]
backend/tests/test_clustering.py::TestClusterInfo::test_cluster_structure PASSED [ 55%]
backend/tests/test_clustering.py::TestClusterInfo::test_cluster_id_valid PASSED [ 57%]
backend/tests/test_clustering.py::TestClusterInfo::test_cluster_size_positive PASSED [ 59%]
backend/tests/test_clustering.py::TestClusterInfo::test_avg_attributes_complete PASSED [ 61%]
backend/tests/test_clustering.py::TestClusterInfo::test_dominant_positions_not_empty PASSED [ 63%]
backend/tests/test_clustering.py::TestClusterInfo::test_different_profiles_different_clusters PASSED [ 65%]
backend/tests/test_clustering.py::TestClusteringController::test_handle_similar_players PASSED [ 67%]
backend/tests/test_clustering.py::TestClusteringController::test_handle_cluster_info PASSED [ 69%]
backend/tests/test_prediction.py::TestPredictionService::test_returns_five_predictions PASSED [ 71%]
backend/tests/test_prediction.py::TestPredictionService::test_prediction_structure PASSED [ 73%]
backend/tests/test_prediction.py::TestPredictionService::test_confidences_sum_to_100 PASSED [ 75%]
backend/tests/test_prediction.py::TestPredictionService::test_sorted_descending PASSED [ 76%]
backend/tests/test_prediction.py::TestPredictionService::test_top_n_respected PASSED [ 78%]
backend/tests/test_prediction.py::TestPredictionService::test_known_striker_profile PASSED [ 80%]
backend/tests/test_prediction.py::TestPredictionService::test_known_goalkeeper_profile PASSED [ 82%]
backend/tests/test_prediction.py::TestGapAnalysis::test_gap_analysis_structure PASSED [ 84%]
backend/tests/test_prediction.py::TestGapAnalysis::test_all_attributes_in_gaps PASSED [ 86%]
backend/tests/test_prediction.py::TestGapAnalysis::test_gap_values_correct PASSED [ 88%]
backend/tests/test_prediction.py::TestGapAnalysis::test_weakness_threshold PASSED [ 90%]
backend/tests/test_prediction.py::TestGapAnalysis::test_strength_threshold PASSED [ 92%]
backend/tests/test_prediction.py::TestGapAnalysis::test_all_positions_valid PASSED [ 94%]
backend/tests/test_prediction.py::TestGapAnalysis::test_unknown_position_returns_empty PASSED [ 96%]
backend/tests/test_prediction.py::TestPredictionController::test_handle_predict_wraps_correctly PASSED [ 98%]
backend/tests/test_prediction.py::TestPredictionController::test_handle_gap_analysis PASSED [100%]

============================= 52 passed in 4.15s ==============================
